Arguments: 
  C:\Program Files\nodejs\node.exe C:\Users\theco\AppData\Roaming\npm\node_modules\yarn\bin\yarn.js add react-datepicker –save

PATH: 
  C:\Program Files\Common Files\Oracle\Java\javapath;C:\Program Files\Python311\Scripts\;C:\Program Files\Python311\;C:\windows\system32;C:\windows;C:\windows\System32\Wbem;C:\windows\System32\WindowsPowerShell\v1.0\;C:\windows\System32\OpenSSH\;C:\Program Files\dotnet\;C:\Program Files\nodejs\;C:\Program Files\Git\cmd;C:\Program Files\OpenSSL-Win64\bin;C:\Users\theco\AppData\Local\Microsoft\WindowsApps;C:\Users\theco\AppData\Local\Programs\Microsoft VS Code\bin;C:\Users\theco\AppData\Roaming\npm;C:\Program Files\Git\bin;C:\Program Files\OpenSSL-Win64\bin;

Yarn version: 
  1.22.19

Node version: 
  18.17.1

Platform: 
  win32 x64

Trace: 
  TypeError [ERR_UNESCAPED_CHARACTERS]: https://registry.yarnpkg.com/–save: Request path contains unescaped characters
      at new NodeError (node:internal/errors:405:5)
      at new ClientRequest (node:_http_client:183:13)
      at Object.request (node:https:358:10)
      at module.exports.Request.start (C:\Users\theco\AppData\Roaming\npm\node_modules\yarn\lib\cli.js:141452:32)
      at module.exports.Request.end (C:\Users\theco\AppData\Roaming\npm\node_modules\yarn\lib\cli.js:142211:10)
      at end (C:\Users\theco\AppData\Roaming\npm\node_modules\yarn\lib\cli.js:141265:14)
      at Immediate.<anonymous> (C:\Users\theco\AppData\Roaming\npm\node_modules\yarn\lib\cli.js:141279:7)
      at process.processImmediate (node:internal/timers:476:21)

npm manifest: 
  {
    "dependencies": {
      "@fortawesome/fontawesome-svg-core": "^6.4.2",
      "@fortawesome/free-regular-svg-icons": "^6.4.2",
      "@fortawesome/free-solid-svg-icons": "^6.4.2",
      "@fortawesome/react-fontawesome": "^0.2.0"
    }
  }

yarn manifest: 
  No manifest

Lockfile: 
  # THIS IS AN AUTOGENERATED FILE. DO NOT EDIT THIS FILE DIRECTLY.
  # yarn lockfile v1
  
  
  "@fortawesome/fontawesome-common-types@6.4.2":
    version "6.4.2"
    resolved "https://registry.yarnpkg.com/@fortawesome/fontawesome-common-types/-/fontawesome-common-types-6.4.2.tgz#1766039cad33f8ad87f9467b98e0d18fbc8f01c5"
    integrity sha512-1DgP7f+XQIJbLFCTX1V2QnxVmpLdKdzzo2k8EmvDOePfchaIGQ9eCHj2up3/jNEbZuBqel5OxiaOJf37TWauRA==
  
  "@fortawesome/fontawesome-svg-core@^6.4.2":
    version "6.4.2"
    resolved "https://registry.yarnpkg.com/@fortawesome/fontawesome-svg-core/-/fontawesome-svg-core-6.4.2.tgz#37f4507d5ec645c8b50df6db14eced32a6f9be09"
    integrity sha512-gjYDSKv3TrM2sLTOKBc5rH9ckje8Wrwgx1CxAPbN5N3Fm4prfi7NsJVWd1jklp7i5uSCVwhZS5qlhMXqLrpAIg==
    dependencies:
      "@fortawesome/fontawesome-common-types" "6.4.2"
  
  "@fortawesome/free-regular-svg-icons@^6.4.2":
    version "6.4.2"
    resolved "https://registry.yarnpkg.com/@fortawesome/free-regular-svg-icons/-/free-regular-svg-icons-6.4.2.tgz#aee79ed76ce5dd04931352f9d83700761b8b1b25"
    integrity sha512-0+sIUWnkgTVVXVAPQmW4vxb9ZTHv0WstOa3rBx9iPxrrrDH6bNLsDYuwXF9b6fGm+iR7DKQvQshUH/FJm3ed9Q==
    dependencies:
      "@fortawesome/fontawesome-common-types" "6.4.2"
  
  "@fortawesome/free-solid-svg-icons@^6.4.2":
    version "6.4.2"
    resolved "https://registry.yarnpkg.com/@fortawesome/free-solid-svg-icons/-/free-solid-svg-icons-6.4.2.tgz#33a02c4cb6aa28abea7bc082a9626b7922099df4"
    integrity sha512-sYwXurXUEQS32fZz9hVCUUv/xu49PEJEyUOsA51l6PU/qVgfbTb2glsTEaJngVVT8VqBATRIdh7XVgV1JF1LkA==
    dependencies:
      "@fortawesome/fontawesome-common-types" "6.4.2"
  
  "@fortawesome/react-fontawesome@^0.2.0":
    version "0.2.0"
    resolved "https://registry.yarnpkg.com/@fortawesome/react-fontawesome/-/react-fontawesome-0.2.0.tgz#d90dd8a9211830b4e3c08e94b63a0ba7291ddcf4"
    integrity sha512-uHg75Rb/XORTtVt7OS9WoK8uM276Ufi7gCzshVWkUJbHhh3svsUUeqXerrM96Wm7fRiDzfKRwSoahhMIkGAYHw==
    dependencies:
      prop-types "^15.8.1"
  
  "js-tokens@^3.0.0 || ^4.0.0":
    version "4.0.0"
    resolved "https://registry.yarnpkg.com/js-tokens/-/js-tokens-4.0.0.tgz#19203fb59991df98e3a287050d4647cdeaf32499"
    integrity sha512-RdJUflcE3cUzKiMqQgsCu06FPu9UdIJO0beYbPhHN4k6apgJtifcoCtT9bcxOpYBtpD2kCM6Sbzg4CausW/PKQ==
  
  loose-envify@^1.4.0:
    version "1.4.0"
    resolved "https://registry.yarnpkg.com/loose-envify/-/loose-envify-1.4.0.tgz#71ee51fa7be4caec1a63839f7e682d8132d30caf"
    integrity sha512-lyuxPGr/Wfhrlem2CL/UcnUc1zcqKAImBDzukY7Y5F/yQiNdko6+fRLevlw1HgMySw7f611UIY408EtxRSoK3Q==
    dependencies:
      js-tokens "^3.0.0 || ^4.0.0"
  
  object-assign@^4.1.1:
    version "4.1.1"
    resolved "https://registry.yarnpkg.com/object-assign/-/object-assign-4.1.1.tgz#2109adc7965887cfc05cbbd442cac8bfbb360863"
    integrity sha512-rJgTQnkUnH1sFw8yT6VSU3zD3sWmu6sZhIseY8VX+GRu3P6F7Fu+JNDoXfklElbLJSnc3FUQHVe4cU5hj+BcUg==
  
  prop-types@^15.8.1:
    version "15.8.1"
    resolved "https://registry.yarnpkg.com/prop-types/-/prop-types-15.8.1.tgz#67d87bf1a694f48435cf332c24af10214a3140b5"
    integrity sha512-oj87CgZICdulUohogVAR7AjlC0327U4el4L6eAvOqCeudMDVU0NThNaV+b9Df4dXgSP1gXMTnPdhfe/2qDH5cg==
    dependencies:
      loose-envify "^1.4.0"
      object-assign "^4.1.1"
      react-is "^16.13.1"
  
  react-is@^16.13.1:
    version "16.13.1"
    resolved "https://registry.yarnpkg.com/react-is/-/react-is-16.13.1.tgz#789729a4dc36de2999dc156dd6c1d9c18cea56a4"
    integrity sha512-24e6ynE2H+OKt4kqsOvNd8kBpV65zoxbA4BVsEOB3ARVWQki/DHzaUoC5KuON/BiccDaCCTZBuOcfZs70kR8bQ==
